<?xml version="1.0" encoding="UTF-8"?>
<robot generator="Robot 3.1.2 (Python 3.6.9 on linux)" generated="20200117 17:03:36.698" rpa="false">
<suite id="s1" name="Test" source="/home/shri/PycharmProjects/RobotPractice/Practice/test.robot">
<test id="s1-t1" name="DI SignIn">
<kw name="Open DI">
<kw name="Evaluate" library="BuiltIn">
<doc>Evaluates the given expression in Python and returns the results.</doc>
<arguments>
<arg>sys.modules['selenium.webdriver.chrome.options'].Options()</arg>
<arg>sys</arg>
</arguments>
<assign>
<var>${options}</var>
</assign>
<msg timestamp="20200117 17:03:36.811" level="INFO">${options} = &lt;selenium.webdriver.chrome.options.Options object at 0x7f02f3b3fcf8&gt;</msg>
<status status="PASS" starttime="20200117 17:03:36.810" endtime="20200117 17:03:36.811"></status>
</kw>
<kw name="Call Method" library="BuiltIn">
<doc>Calls the named method of the given object with the provided arguments.</doc>
<arguments>
<arg>${options}</arg>
<arg>add_argument</arg>
<arg>--disable-notifications</arg>
</arguments>
<status status="PASS" starttime="20200117 17:03:36.811" endtime="20200117 17:03:36.811"></status>
</kw>
<kw name="Create Webdriver" library="SeleniumLibrary">
<doc>Creates an instance of Selenium WebDriver.</doc>
<arguments>
<arg>Chrome</arg>
<arg>options=${options}</arg>
</arguments>
<assign>
<var>${driver}</var>
</assign>
<msg timestamp="20200117 17:03:36.811" level="INFO">Creating an instance of the Chrome WebDriver.</msg>
<msg timestamp="20200117 17:03:38.101" level="INFO">${driver} = 1</msg>
<status status="PASS" starttime="20200117 17:03:36.811" endtime="20200117 17:03:38.101"></status>
</kw>
<kw name="Go To" library="SeleniumLibrary">
<doc>Navigates the current browser window to the provided ``url``.</doc>
<arguments>
<arg>${url}</arg>
</arguments>
<msg timestamp="20200117 17:03:38.102" level="INFO">Opening url 'http://10.129.12.79/'</msg>
<status status="PASS" starttime="20200117 17:03:38.102" endtime="20200117 17:03:45.631"></status>
</kw>
<kw name="Maximize Browser Window" library="SeleniumLibrary">
<doc>Maximizes current browser window.</doc>
<status status="PASS" starttime="20200117 17:03:45.631" endtime="20200117 17:03:45.746"></status>
</kw>
<kw name="Set Selenium Speed" library="SeleniumLibrary">
<doc>Sets the delay that is waited after each Selenium command.</doc>
<arguments>
<arg>1</arg>
</arguments>
<status status="PASS" starttime="20200117 17:03:45.747" endtime="20200117 17:03:45.747"></status>
</kw>
<status status="PASS" starttime="20200117 17:03:36.810" endtime="20200117 17:03:45.749"></status>
</kw>
<kw name="Input Text" library="SeleniumLibrary">
<doc>Types the given ``text`` into the text field identified by ``locator``.</doc>
<arguments>
<arg>name=formControlTenant</arg>
<arg>SevOne</arg>
</arguments>
<msg timestamp="20200117 17:03:45.751" level="INFO">Typing text 'SevOne' into text field 'name=formControlTenant'.</msg>
<status status="PASS" starttime="20200117 17:03:45.750" endtime="20200117 17:03:48.969"></status>
</kw>
<kw name="Input Text" library="SeleniumLibrary">
<doc>Types the given ``text`` into the text field identified by ``locator``.</doc>
<arguments>
<arg>name=formControlName</arg>
<arg>admin</arg>
</arguments>
<msg timestamp="20200117 17:03:48.971" level="INFO">Typing text 'admin' into text field 'name=formControlName'.</msg>
<status status="PASS" starttime="20200117 17:03:48.970" endtime="20200117 17:03:52.191"></status>
</kw>
<kw name="Input Text" library="SeleniumLibrary">
<doc>Types the given ``text`` into the text field identified by ``locator``.</doc>
<arguments>
<arg>name=formControlPassword</arg>
<arg>SevOne</arg>
</arguments>
<msg timestamp="20200117 17:03:52.193" level="INFO">Typing text 'SevOne' into text field 'name=formControlPassword'.</msg>
<status status="PASS" starttime="20200117 17:03:52.192" endtime="20200117 17:03:55.366"></status>
</kw>
<kw name="Click Element" library="SeleniumLibrary">
<doc>Click the element identified by ``locator``.</doc>
<arguments>
<arg>xpath=//*[@id="themed-scope-root"]/div[3]/div[1]/div/form/div[4]/div/label/div</arg>
</arguments>
<msg timestamp="20200117 17:03:55.367" level="INFO">Clicking element 'xpath=//*[@id="themed-scope-root"]/div[3]/div[1]/div/form/div[4]/div/label/div'.</msg>
<status status="PASS" starttime="20200117 17:03:55.366" endtime="20200117 17:03:57.474"></status>
</kw>
<kw name="Click Element" library="SeleniumLibrary">
<doc>Click the element identified by ``locator``.</doc>
<arguments>
<arg>xpath=//*[text()="Login"]</arg>
</arguments>
<msg timestamp="20200117 17:03:57.475" level="INFO">Clicking element 'xpath=//*[text()="Login"]'.</msg>
<status status="PASS" starttime="20200117 17:03:57.474" endtime="20200117 17:03:59.559"></status>
</kw>
<kw name="Sleep" library="BuiltIn">
<doc>Pauses the test executed for the given time.</doc>
<arguments>
<arg>6</arg>
</arguments>
<msg timestamp="20200117 17:04:05.561" level="INFO">Slept 6 seconds</msg>
<status status="PASS" starttime="20200117 17:03:59.560" endtime="20200117 17:04:05.561"></status>
</kw>
<kw name="Click Element" library="SeleniumLibrary">
<doc>Click the element identified by ``locator``.</doc>
<arguments>
<arg>xpath=//*[text()="Reports Shared with Me"]</arg>
</arguments>
<msg timestamp="20200117 17:04:05.563" level="INFO">Clicking element 'xpath=//*[text()="Reports Shared with Me"]'.</msg>
<kw name="Capture Page Screenshot" library="SeleniumLibrary">
<doc>Takes a screenshot of the current page and embeds it into a log file.</doc>
<msg timestamp="20200117 17:04:07.830" level="INFO" html="yes">&lt;/td&gt;&lt;/tr&gt;&lt;tr&gt;&lt;td colspan="3"&gt;&lt;a href="selenium-screenshot-16.png"&gt;&lt;img src="selenium-screenshot-16.png" width="800px"&gt;&lt;/a&gt;</msg>
<status status="PASS" starttime="20200117 17:04:06.590" endtime="20200117 17:04:07.831"></status>
</kw>
<msg timestamp="20200117 17:04:07.831" level="FAIL">Element with locator 'xpath=//*[text()="Reports Shared with Me"]' not found.</msg>
<status status="FAIL" starttime="20200117 17:04:05.562" endtime="20200117 17:04:07.831"></status>
</kw>
<status status="FAIL" starttime="20200117 17:03:36.809" endtime="20200117 17:04:07.832" critical="yes">Element with locator 'xpath=//*[text()="Reports Shared with Me"]' not found.</status>
</test>
<status status="FAIL" starttime="20200117 17:03:36.699" endtime="20200117 17:04:07.833"></status>
</suite>
<statistics>
<total>
<stat pass="0" fail="1">Critical Tests</stat>
<stat pass="0" fail="1">All Tests</stat>
</total>
<tag>
</tag>
<suite>
<stat pass="0" fail="1" id="s1" name="Test">Test</stat>
</suite>
</statistics>
<errors>
</errors>
</robot>
