<?xml version="1.0" encoding="UTF-8"?>
<robot generator="Robot 3.1.2 (Python 3.6.9 on linux)" generated="20200103 12:22:23.883" rpa="false">
<suite id="s1" name="Demo" source="/home/shri/PycharmProjects/RobotPractice/TestCases/Demo.robot">
<test id="s1-t1" name="Demo">
<kw name="Set Selenium Speed" library="SeleniumLibrary">
<doc>Sets the delay that is waited after each Selenium command.</doc>
<arguments>
<arg>2</arg>
</arguments>
<status status="PASS" starttime="20200103 12:22:24.002" endtime="20200103 12:22:24.002"></status>
</kw>
<kw name="Open my browser" library="Loginkeywords">
<arguments>
<arg>${SiteUrl}</arg>
<arg>${Browser}</arg>
</arguments>
<kw name="Evaluate" library="BuiltIn">
<doc>Evaluates the given expression in Python and returns the results.</doc>
<arguments>
<arg>sys.modules['selenium.webdriver.chrome.options'].Options()</arg>
<arg>sys</arg>
</arguments>
<assign>
<var>${options}</var>
</assign>
<msg timestamp="20200103 12:22:24.003" level="INFO">${options} = &lt;selenium.webdriver.chrome.options.Options object at 0x7f922132b518&gt;</msg>
<status status="PASS" starttime="20200103 12:22:24.003" endtime="20200103 12:22:24.003"></status>
</kw>
<kw name="Call Method" library="BuiltIn">
<doc>Calls the named method of the given object with the provided arguments.</doc>
<arguments>
<arg>${options}</arg>
<arg>add_argument</arg>
<arg>--disable-notifications</arg>
</arguments>
<status status="PASS" starttime="20200103 12:22:24.003" endtime="20200103 12:22:24.003"></status>
</kw>
<kw name="Create Webdriver" library="SeleniumLibrary">
<doc>Creates an instance of Selenium WebDriver.</doc>
<arguments>
<arg>Chrome</arg>
<arg>options=${options}</arg>
</arguments>
<assign>
<var>${driver}</var>
</assign>
<msg timestamp="20200103 12:22:24.004" level="INFO">Creating an instance of the Chrome WebDriver.</msg>
<msg timestamp="20200103 12:22:25.341" level="INFO">${driver} = 1</msg>
<status status="PASS" starttime="20200103 12:22:24.003" endtime="20200103 12:22:25.342"></status>
</kw>
<kw name="Go To" library="SeleniumLibrary">
<doc>Navigates the current browser window to the provided ``url``.</doc>
<arguments>
<arg>${SiteUrl}</arg>
</arguments>
<msg timestamp="20200103 12:22:25.343" level="INFO">Opening url 'https://www.facebook.com/'</msg>
<status status="PASS" starttime="20200103 12:22:25.342" endtime="20200103 12:22:32.005"></status>
</kw>
<kw name="Maximize Browser Window" library="SeleniumLibrary">
<doc>Maximizes current browser window.</doc>
<status status="PASS" starttime="20200103 12:22:32.005" endtime="20200103 12:22:32.115"></status>
</kw>
<status status="PASS" starttime="20200103 12:22:24.002" endtime="20200103 12:22:32.115"></status>
</kw>
<kw name="Enter username" library="Loginkeywords">
<arguments>
<arg>${user}</arg>
</arguments>
<kw name="Input Text" library="SeleniumLibrary">
<doc>Types the given ``text`` into the text field identified by ``locator``.</doc>
<arguments>
<arg>${txt_loginUsername}</arg>
<arg>${username}</arg>
</arguments>
<msg timestamp="20200103 12:22:32.117" level="INFO">Typing text 'shrinath.hattekar@gmail.com' into text field 'id:email'.</msg>
<status status="PASS" starttime="20200103 12:22:32.116" endtime="20200103 12:22:32.415"></status>
</kw>
<status status="PASS" starttime="20200103 12:22:32.116" endtime="20200103 12:22:32.415"></status>
</kw>
<kw name="Enter password" library="Loginkeywords">
<arguments>
<arg>${pwd}</arg>
</arguments>
<kw name="Input Text" library="SeleniumLibrary">
<doc>Types the given ``text`` into the text field identified by ``locator``.</doc>
<arguments>
<arg>${txt_loginPassword}</arg>
<arg>${password}</arg>
</arguments>
<msg timestamp="20200103 12:22:32.416" level="INFO">Typing text 'Aditi@143' into text field 'id:pass'.</msg>
<status status="PASS" starttime="20200103 12:22:32.416" endtime="20200103 12:22:32.565"></status>
</kw>
<status status="PASS" starttime="20200103 12:22:32.415" endtime="20200103 12:22:32.565"></status>
</kw>
<kw name="Click LogIn" library="Loginkeywords">
<kw name="Click Element" library="SeleniumLibrary">
<doc>Click the element identified by ``locator``.</doc>
<arguments>
<arg>${btn_SignIn}</arg>
</arguments>
<msg timestamp="20200103 12:22:32.566" level="INFO">Clicking element 'xpath://*[@id="loginbutton"]'.</msg>
<status status="PASS" starttime="20200103 12:22:32.566" endtime="20200103 12:22:42.103"></status>
</kw>
<status status="PASS" starttime="20200103 12:22:32.565" endtime="20200103 12:22:42.103"></status>
</kw>
<kw name="Verify succesfull login" library="Loginkeywords">
<kw name="Title Should Be" library="SeleniumLibrary">
<doc>Verifies that the current page title equals ``title``.</doc>
<arguments>
<arg>Facebook</arg>
</arguments>
<msg timestamp="20200103 12:22:42.396" level="INFO">Page title is 'Facebook'.</msg>
<status status="PASS" starttime="20200103 12:22:42.104" endtime="20200103 12:22:42.396"></status>
</kw>
<status status="PASS" starttime="20200103 12:22:42.104" endtime="20200103 12:22:42.396"></status>
</kw>
<status status="PASS" starttime="20200103 12:22:24.002" endtime="20200103 12:22:42.397" critical="yes"></status>
</test>
<status status="PASS" starttime="20200103 12:22:23.884" endtime="20200103 12:22:42.399"></status>
</suite>
<statistics>
<total>
<stat pass="1" fail="0">Critical Tests</stat>
<stat pass="1" fail="0">All Tests</stat>
</total>
<tag>
</tag>
<suite>
<stat pass="1" fail="0" id="s1" name="Demo">Demo</stat>
</suite>
</statistics>
<errors>
</errors>
</robot>
